[23:30:50.126][info] [#0:/home/todorivanov/.config/lsp/luals/main.lua:68]: Lua Lsp startup, root: 	/home/todorivanov/.config/lsp/luals
[23:30:50.126][info] [#0:/home/todorivanov/.config/lsp/luals/main.lua:69]: ROOT:	/home/todorivanov/.config/lsp/luals
[23:30:50.126][info] [#0:/home/todorivanov/.config/lsp/luals/main.lua:70]: LOGPATH:	/home/todorivanov/.config/lsp/luals/log
[23:30:50.126][info] [#0:/home/todorivanov/.config/lsp/luals/main.lua:71]: METAPATH:	/home/todorivanov/.config/lsp/luals/meta
[23:30:50.126][info] [#0:/home/todorivanov/.config/lsp/luals/main.lua:72]: VERSION:	3.15.0
[23:30:50.149][info] [#0:script/proto/proto.lua:260]: Listen Mode: stdio
[23:30:50.150][info] [#0:script/service/service.lua:145]: 
========= Medical Examination Report =========
    --------------- Memory ---------------
        Total: 2.260 MB
        # 00 : 2.260 MB
        # 01 : 0.000 MB
        # 02 : 0.000 MB
        # 03 : 0.000 MB
        # 04 : 0.000 MB
    --------------- Coroutine ---------------
        Total:     0
        Running:   0
        Suspended: 0
        Normal:    0
        Dead:      0
    --------------- Cache ---------------
        Total: 1
        Dead:  0
    ---------------  RPC  ---------------
        Holdon:   0
        Waiting:  0
==============================================
[23:30:50.253][info] [#0:script/client.lua:657]: Client init	{
  capabilities = {
    general = {
      positionEncodings = { "utf-8", "utf-16", "utf-32" }
    },
    textDocument = {
      callHierarchy = {
        dynamicRegistration = false
      },
      codeAction = {
        codeActionLiteralSupport = {
          codeActionKind = {
            valueSet = { "", "quickfix", "refactor", "refactor.extract", "refactor.inline", "refactor.rewrite", "source", "source.organizeImports" }
          }
        },
        dataSupport = true,
        disabledSupport = true,
        dynamicRegistration = true,
        honorsChangeAnnotations = true,
        isPreferredSupport = true,
        resolveSupport = {
          properties = { "edit", "command" }
        }
      },
      codeLens = {
        dynamicRegistration = false,
        resolveSupport = {
          properties = { "command" }
        }
      },
      colorProvider = {
        dynamicRegistration = true
      },
      completion = {
        completionItem = {
          commitCharactersSupport = false,
          deprecatedSupport = true,
          documentationFormat = { "markdown", "plaintext" },
          preselectSupport = false,
          resolveSupport = {
            properties = { "additionalTextEdits", "command" }
          },
          snippetSupport = true,
          tagSupport = {
            valueSet = { 1 }
          }
        },
        completionItemKind = {
          valueSet = { 1, 2, 3, 4, 5, 6, 7, 8, 9, 10, 11, 12, 13, 14, 15, 16, 17, 18, 19, 20, 21, 22, 23, 24, 25 }
        },
        completionList = {
          itemDefaults = { "editRange", "insertTextFormat", "insertTextMode", "data" }
        },
        contextSupport = true,
        dynamicRegistration = false
      },
      declaration = {
        linkSupport = true
      },
      definition = {
        dynamicRegistration = true,
        linkSupport = true
      },
      diagnostic = {
        dataSupport = true,
        dynamicRegistration = false,
        relatedDocumentSupport = true,
        relatedInformation = true,
        tagSupport = {
          valueSet = { 1, 2 }
        }
      },
      documentHighlight = {
        dynamicRegistration = false
      },
      documentSymbol = {
        dynamicRegistration = false,
        hierarchicalDocumentSymbolSupport = true,
        symbolKind = {
          valueSet = { 1, 2, 3, 4, 5, 6, 7, 8, 9, 10, 11, 12, 13, 14, 15, 16, 17, 18, 19, 20, 21, 22, 23, 24, 25, 26 }
        },
        tagSupport = {
          valueSet = { 1 }
        }
      },
      foldingRange = {
        dynamicRegistration = false,
        foldingRange = {
          collapsedText = true
        },
        foldingRangeKind = {
          valueSet = { "comment", "imports", "region" }
        },
        lineFoldingOnly = true
      },
      formatting = {
        dynamicRegistration = true
      },
      hover = {
        contentFormat = { "markdown", "plaintext" },
        dynamicRegistration = true
      },
      implementation = {
        linkSupport = true
      },
      inlayHint = {
        dynamicRegistration = true,
        resolveSupport = {
          properties = { "textEdits", "tooltip", "location", "command" }
        }
      },
      inlineCompletion = {
        dynamicRegistration = false
      },
      linkedEditingRange = {
        dynamicRegistration = false
      },
      publishDiagnostics = {
        dataSupport = true,
        relatedInformation = true,
        tagSupport = {
          valueSet = { 1, 2 }
        }
      },
      rangeFormatting = {
        dynamicRegistration = true,
        rangesSupport = true
      },
      references = {
        dynamicRegistration = false
      },
      rename = {
        dynamicRegistration = true,
        honorsChangeAnnotations = true,
        prepareSupport = true
      },
      selectionRange = {
        dynamicRegistration = false
      },
      semanticTokens = {
        augmentsSyntaxTokens = true,
        dynamicRegistration = false,
        formats = { "relative" },
        multilineTokenSupport = true,
        overlappingTokenSupport = true,
        requests = {
          full = {
            delta = true
          },
          range = false
        },
        serverCancelSupport = false,
        tokenModifiers = { "declaration", "definition", "readonly", "static", "deprecated", "abstract", "async", "modification", "documentation", "defaultLibrary" },
        tokenTypes = { "namespace", "type", "class", "enum", "interface", "struct", "typeParameter", "parameter", "variable", "property", "enumMember", "event", "function", "method", "macro", "keyword", "modifier", "comment", "string", "number", "regexp", "operator", "decorator" }
      },
      signatureHelp = {
        dynamicRegistration = false,
        signatureInformation = {
          activeParameterSupport = true,
          documentationFormat = { "markdown", "plaintext" },
          noActiveParameterSupport = true,
          parameterInformation = {
            labelOffsetSupport = true
          }
        }
      },
      synchronization = {
        didSave = true,
        dynamicRegistration = false,
        willSave = true,
        willSaveWaitUntil = true
      },
      typeDefinition = {
        linkSupport = true
      }
    },
    window = {
      showDocument = {
        support = true
      },
      showMessage = {
        messageActionItem = {
          additionalPropertiesSupport = true
        }
      },
      workDoneProgress = true
    },
    workspace = {
      applyEdit = true,
      configuration = true,
      didChangeConfiguration = {
        dynamicRegistration = false
      },
      didChangeWatchedFiles = {
        dynamicRegistration = false,
        relativePatternSupport = true
      },
      inlayHint = {
        refreshSupport = true
      },
      semanticTokens = {
        refreshSupport = true
      },
      symbol = {
        dynamicRegistration = false,
        symbolKind = {
          valueSet = { 1, 2, 3, 4, 5, 6, 7, 8, 9, 10, 11, 12, 13, 14, 15, 16, 17, 18, 19, 20, 21, 22, 23, 24, 25, 26 }
        }
      },
      workspace = {
        refreshSupport = false
      },
      workspaceEdit = {
        changeAnnotationSupport = {
          groupsOnLabel = true
        },
        normalizesLineEndings = true,
        resourceOperations = { "rename", "create", "delete" }
      },
      workspaceFolders = true
    }
  },
  clientInfo = {
    name = "Neovim",
    version = "0.12.0-dev+g6a330f893b"
  },
  initializationOptions = {},
  processId = 14675,
  trace = "off",
  workDoneToken = "1"
}
[23:30:50.253][info] [#0:script/language.lua:137]: VSC language: nil
[23:30:50.253][info] [#0:script/language.lua:138]: LS  language: en-us
[23:30:50.455][info] [#0:script/workspace/workspace.lua:48]: Workspace create: 	file:///home/todorivanov/.config/nvim/lua/plugins
[23:30:50.555][info] [#0:script/provider/provider.lua:65]: Load config from client	fallback
[23:30:50.555][info] [#0:script/provider/provider.lua:66]: {
  Lua = {
    runtime = {
      version = "LuaJIT"
    }
  }
}
[23:30:50.555][info] [#0:script/provider/provider.lua:65]: Load config from client	fallback
[23:30:50.555][info] [#0:script/provider/provider.lua:66]: {
  Lua = {
    runtime = {
      version = "LuaJIT"
    }
  }
}
[23:30:50.555][info] [#0:script/provider/provider.lua:49]: Load config from client	file:///home/todorivanov/.config/nvim/lua/plugins
[23:30:50.555][info] [#0:script/provider/provider.lua:50]: {
  Lua = {
    runtime = {
      version = "LuaJIT"
    }
  }
}
[23:30:50.662][info] [#0:script/library.lua:212]: Init builtin library at:	nil
[23:30:50.663][error][#0]: create_directories: "/home/todorivanov/.config/lsp/luals/meta/LuaJIT en-us utf8": (generic:13)Permission denied
stack traceback:
	[C]: in function 'bee.filesystem.create_directories'
	script/library.lua:233: in function <script/library.lua:231>
	[C]: in function 'xpcall'
	script/library.lua:231: in upvalue 'initBuiltIn'
	script/library.lua:663: in upvalue 'callback'
	script/workspace/workspace.lua:31: in function <script/workspace/workspace.lua:30>
[23:30:50.663][warn] [#0:script/library.lua:237]: Init builtin failed.
[23:30:50.663][info] [#0:script/provider/provider.lua:65]: Load config from client	fallback
[23:30:50.663][info] [#0:script/provider/provider.lua:66]: {
  Lua = {
    runtime = {
      version = "LuaJIT"
    }
  }
}
[23:30:50.764][info] [#0:script/workspace/workspace.lua:330]: Preload start:	<fallback>
[23:30:50.764][info] [#0:script/library.lua:212]: Init builtin library at:	file:///home/todorivanov/.config/nvim/lua/plugins
[23:30:50.765][error][#0]: create_directories: "/home/todorivanov/.config/lsp/luals/meta/LuaJIT en-us utf8": (generic:13)Permission denied
stack traceback:
	[C]: in function 'bee.filesystem.create_directories'
	script/library.lua:233: in function <script/library.lua:231>
	[C]: in function 'xpcall'
	script/library.lua:231: in upvalue 'initBuiltIn'
	script/library.lua:663: in upvalue 'callback'
	script/workspace/workspace.lua:31: in function <script/workspace/workspace.lua:30>
[23:30:50.765][warn] [#0:script/library.lua:237]: Init builtin failed.
[23:30:50.865][info] [#0:script/workspace/workspace.lua:385]: Found 0 files at:	<fallback>
[23:30:50.865][info] [#0:script/workspace/loading.lua:160]: Load files from disk:	<fallback>
[23:30:50.865][info] [#0:script/workspace/loading.lua:172]: Loaded files takes [0.000] sec: <fallback>
[23:30:50.865][info] [#0:script/workspace/loading.lua:181]: Compile files takes [0.000] sec: <fallback>
[23:30:50.865][info] [#0:script/workspace/loading.lua:182]: Loaded finish:	<fallback>
[23:30:50.865][info] [#0:script/workspace/workspace.lua:387]: Preload finish at:	<fallback>
[23:30:50.866][info] [#0:script/workspace/workspace.lua:330]: Preload start:	file:///home/todorivanov/.config/nvim/lua/plugins
[23:30:50.866][info] [#0:script/workspace/workspace.lua:336]: Scan files at:	file:///home/todorivanov/.config/nvim/lua/plugins
[23:30:50.967][info] [#0:script/workspace/workspace.lua:385]: Found 6 files at:	file:///home/todorivanov/.config/nvim/lua/plugins
[23:30:50.967][info] [#0:script/workspace/loading.lua:160]: Load files from disk:	file:///home/todorivanov/.config/nvim/lua/plugins
[23:30:50.967][info] [#0:script/workspace/loading.lua:88]: Skip loaded file: file:///home/todorivanov/.config/nvim/lua/plugins/nvim-cmp.lua
[23:30:51.068][info] [#0:script/workspace/loading.lua:100]: Preload file at: file:///home/todorivanov/.config/nvim/lua/plugins/telescope.lua , size = 0.772 KB
[23:30:51.069][info] [#0:script/workspace/loading.lua:100]: Preload file at: file:///home/todorivanov/.config/nvim/lua/plugins/harpoon.lua , size = 1.164 KB
[23:30:51.070][info] [#0:script/workspace/loading.lua:100]: Preload file at: file:///home/todorivanov/.config/nvim/lua/plugins/treesitter.lua , size = 0.835 KB
[23:30:51.070][info] [#0:script/workspace/loading.lua:100]: Preload file at: file:///home/todorivanov/.config/nvim/lua/plugins/undotree.lua , size = 0.176 KB
[23:30:51.070][info] [#0:script/workspace/loading.lua:100]: Preload file at: file:///home/todorivanov/.config/nvim/lua/plugins/lspconfig.lua , size = 0.354 KB
[23:30:51.171][info] [#0:script/workspace/loading.lua:172]: Loaded files takes [0.004] sec: file:///home/todorivanov/.config/nvim/lua/plugins
[23:30:51.171][info] [#0:script/workspace/loading.lua:181]: Compile files takes [0.000] sec: file:///home/todorivanov/.config/nvim/lua/plugins
[23:30:51.171][info] [#0:script/workspace/loading.lua:182]: Loaded finish:	file:///home/todorivanov/.config/nvim/lua/plugins
[23:30:51.171][info] [#0:script/workspace/workspace.lua:387]: Preload finish at:	file:///home/todorivanov/.config/nvim/lua/plugins
[23:30:51.173][info] [#0:script/provider/diagnostic.lua:560]: Diagnostics scope [file:///home/todorivanov/.config/nvim/lua/plugins], files count:[6]
[23:30:51.250][info] [#0:script/provider/diagnostic.lua:577]: Diagnostics scope [file:///home/todorivanov/.config/nvim/lua/plugins] finished, takes [0.029] sec.
[23:30:55.554][info] [#0:script/workspace/workspace.lua:48]: Workspace create: 	file:///home/todorivanov/.config/nvim/lua/config
[23:30:55.655][info] [#0:script/provider/provider.lua:49]: Load config from client	file:///home/todorivanov/.config/nvim/lua/plugins
[23:30:55.655][info] [#0:script/provider/provider.lua:50]: {
  Lua = {
    runtime = {
      version = "LuaJIT"
    }
  }
}
[23:30:55.755][info] [#0:script/provider/provider.lua:49]: Load config from client	file:///home/todorivanov/.config/nvim/lua/config
[23:30:55.755][info] [#0:script/provider/provider.lua:50]: {
  Lua = {
    runtime = {
      version = "LuaJIT"
    }
  }
}
[23:30:55.856][info] [#0:script/provider/provider.lua:65]: Load config from client	fallback
[23:30:55.856][info] [#0:script/provider/provider.lua:66]: {
  Lua = {
    runtime = {
      version = "LuaJIT"
    }
  }
}
[23:30:55.957][info] [#0:script/library.lua:212]: Init builtin library at:	file:///home/todorivanov/.config/nvim/lua/config
[23:30:55.957][error][#0]: create_directories: "/home/todorivanov/.config/lsp/luals/meta/LuaJIT en-us utf8": (generic:13)Permission denied
stack traceback:
	[C]: in function 'bee.filesystem.create_directories'
	script/library.lua:233: in function <script/library.lua:231>
	[C]: in function 'xpcall'
	script/library.lua:231: in upvalue 'initBuiltIn'
	script/library.lua:663: in upvalue 'callback'
	script/workspace/workspace.lua:31: in function <script/workspace/workspace.lua:30>
[23:30:55.957][warn] [#0:script/library.lua:237]: Init builtin failed.
[23:30:56.058][info] [#0:script/workspace/workspace.lua:330]: Preload start:	file:///home/todorivanov/.config/nvim/lua/config
[23:30:56.058][info] [#0:script/workspace/workspace.lua:336]: Scan files at:	file:///home/todorivanov/.config/nvim/lua/config
[23:30:56.159][info] [#0:script/workspace/workspace.lua:385]: Found 1 files at:	file:///home/todorivanov/.config/nvim/lua/config
[23:30:56.159][info] [#0:script/workspace/loading.lua:160]: Load files from disk:	file:///home/todorivanov/.config/nvim/lua/config
[23:30:56.159][info] [#0:script/workspace/loading.lua:88]: Skip loaded file: file:///home/todorivanov/.config/nvim/lua/config/lazy.lua
[23:30:56.159][info] [#0:script/workspace/loading.lua:172]: Loaded files takes [0.000] sec: file:///home/todorivanov/.config/nvim/lua/config
[23:30:56.159][info] [#0:script/workspace/loading.lua:181]: Compile files takes [0.000] sec: file:///home/todorivanov/.config/nvim/lua/config
[23:30:56.159][info] [#0:script/workspace/loading.lua:182]: Loaded finish:	file:///home/todorivanov/.config/nvim/lua/config
[23:30:56.159][info] [#0:script/workspace/workspace.lua:387]: Preload finish at:	file:///home/todorivanov/.config/nvim/lua/config
[23:30:56.160][info] [#0:script/provider/diagnostic.lua:560]: Diagnostics scope [file:///home/todorivanov/.config/nvim/lua/config], files count:[1]
[23:30:56.180][info] [#0:script/provider/diagnostic.lua:577]: Diagnostics scope [file:///home/todorivanov/.config/nvim/lua/config] finished, takes [0.007] sec.
